********* Create Board **********
****************** Update Board *******************
****************** Create Board *******************
****************** Get Board *******************
****************** Update Board *******************
****************** Delete Board *******************
****************** Create Board *******************
****************** Create a new List *******************
****************** Create Board *******************
****************** Create a new List *******************
****************** Update List *******************
****************** Create Board *******************
****************** Create Board *******************
****************** Create a new List *******************
****************** Get a List *******************
****************** Update List *******************
****************** Delete Board *******************
****************** Create Board *******************
****************** Create a new List *******************
****************** Get a List *******************
****************** Update List *******************
****************** Delete Board *******************
****************** Create Board *******************
****************** Create a new List *******************
****************** Get a List *******************
****************** Update List *******************
****************** Archive or unarchive a list *******************
****************** Move List to Board *******************
****************** Create Board *******************
****************** Create Board *******************
****************** Get Board *******************
****************** Create a new List *******************
****************** Update Board *******************
****************** Get a List *******************
****************** Delete Board *******************
****************** Update List *******************
****************** Archive or unarchive a list *******************
****************** Move List to Board *******************
****************** Delete Board *******************
